Analysis & Synthesis report for digital_project
Fri Jul 03 19:12:52 2020
Quartus II Version 9.0 Build 132 02/25/2009 SJ Web Edition


---------------------
; Table of Contents ;
---------------------
  1. Legal Notice
  2. Analysis & Synthesis Summary
  3. Analysis & Synthesis Settings
  4. Analysis & Synthesis Source Files Read
  5. Analysis & Synthesis Resource Usage Summary
  6. Analysis & Synthesis Resource Utilization by Entity
  7. General Register Statistics
  8. Multiplexer Restructuring Statistics (Restructuring Performed)
  9. Analysis & Synthesis Messages



----------------
; Legal Notice ;
----------------
Copyright (C) 1991-2009 Altera Corporation
Your use of Altera Corporation's design tools, logic functions 
and other software and tools, and its AMPP partner logic 
functions, and any output files from any of the foregoing 
(including device programming or simulation files), and any 
associated documentation or information are expressly subject 
to the terms and conditions of the Altera Program License 
Subscription Agreement, Altera MegaCore Function License 
Agreement, or other applicable license agreement, including, 
without limitation, that your use is for the sole purpose of 
programming logic devices manufactured by Altera and sold by 
Altera or its authorized distributors.  Please refer to the 
applicable agreement for further details.



+------------------------------------------------------------------------------+
; Analysis & Synthesis Summary                                                 ;
+------------------------------------+-----------------------------------------+
; Analysis & Synthesis Status        ; Successful - Fri Jul 03 19:12:52 2020   ;
; Quartus II Version                 ; 9.0 Build 132 02/25/2009 SJ Web Edition ;
; Revision Name                      ; digital_project                         ;
; Top-level Entity Name              ; w_system                                ;
; Family                             ; Cyclone II                              ;
; Total logic elements               ; 37                                      ;
;     Total combinational functions  ; 37                                      ;
;     Dedicated logic registers      ; 0                                       ;
; Total registers                    ; 0                                       ;
; Total pins                         ; 18                                      ;
; Total virtual pins                 ; 0                                       ;
; Total memory bits                  ; 0                                       ;
; Embedded Multiplier 9-bit elements ; 0                                       ;
; Total PLLs                         ; 0                                       ;
+------------------------------------+-----------------------------------------+


+----------------------------------------------------------------------------------------------------------+
; Analysis & Synthesis Settings                                                                            ;
+----------------------------------------------------------------+--------------------+--------------------+
; Option                                                         ; Setting            ; Default Value      ;
+----------------------------------------------------------------+--------------------+--------------------+
; Top-level entity name                                          ; w_system           ; digital_project    ;
; Family name                                                    ; Cyclone II         ; Stratix II         ;
; Use Generated Physical Constraints File                        ; Off                ;                    ;
; Use smart compilation                                          ; Off                ; Off                ;
; Restructure Multiplexers                                       ; Auto               ; Auto               ;
; Create Debugging Nodes for IP Cores                            ; Off                ; Off                ;
; Preserve fewer node names                                      ; On                 ; On                 ;
; Disable OpenCore Plus hardware evaluation                      ; Off                ; Off                ;
; Verilog Version                                                ; Verilog_2001       ; Verilog_2001       ;
; VHDL Version                                                   ; VHDL93             ; VHDL93             ;
; State Machine Processing                                       ; Auto               ; Auto               ;
; Safe State Machine                                             ; Off                ; Off                ;
; Extract Verilog State Machines                                 ; On                 ; On                 ;
; Extract VHDL State Machines                                    ; On                 ; On                 ;
; Ignore Verilog initial constructs                              ; Off                ; Off                ;
; Iteration limit for constant Verilog loops                     ; 5000               ; 5000               ;
; Iteration limit for non-constant Verilog loops                 ; 250                ; 250                ;
; Add Pass-Through Logic to Inferred RAMs                        ; On                 ; On                 ;
; Parallel Synthesis                                             ; Off                ; Off                ;
; DSP Block Balancing                                            ; Auto               ; Auto               ;
; NOT Gate Push-Back                                             ; On                 ; On                 ;
; Power-Up Don't Care                                            ; On                 ; On                 ;
; Remove Redundant Logic Cells                                   ; Off                ; Off                ;
; Remove Duplicate Registers                                     ; On                 ; On                 ;
; Ignore CARRY Buffers                                           ; Off                ; Off                ;
; Ignore CASCADE Buffers                                         ; Off                ; Off                ;
; Ignore GLOBAL Buffers                                          ; Off                ; Off                ;
; Ignore ROW GLOBAL Buffers                                      ; Off                ; Off                ;
; Ignore LCELL Buffers                                           ; Off                ; Off                ;
; Ignore SOFT Buffers                                            ; On                 ; On                 ;
; Limit AHDL Integers to 32 Bits                                 ; Off                ; Off                ;
; Optimization Technique                                         ; Balanced           ; Balanced           ;
; Carry Chain Length                                             ; 70                 ; 70                 ;
; Auto Carry Chains                                              ; On                 ; On                 ;
; Auto Open-Drain Pins                                           ; On                 ; On                 ;
; Perform WYSIWYG Primitive Resynthesis                          ; Off                ; Off                ;
; Auto ROM Replacement                                           ; On                 ; On                 ;
; Auto RAM Replacement                                           ; On                 ; On                 ;
; Auto Shift Register Replacement                                ; Auto               ; Auto               ;
; Auto Clock Enable Replacement                                  ; On                 ; On                 ;
; Strict RAM Replacement                                         ; Off                ; Off                ;
; Allow Synchronous Control Signals                              ; On                 ; On                 ;
; Force Use of Synchronous Clear Signals                         ; Off                ; Off                ;
; Auto RAM to Logic Cell Conversion                              ; Off                ; Off                ;
; Auto Resource Sharing                                          ; Off                ; Off                ;
; Allow Any RAM Size For Recognition                             ; Off                ; Off                ;
; Allow Any ROM Size For Recognition                             ; Off                ; Off                ;
; Allow Any Shift Register Size For Recognition                  ; Off                ; Off                ;
; Use LogicLock Constraints during Resource Balancing            ; On                 ; On                 ;
; Ignore translate_off and synthesis_off directives              ; Off                ; Off                ;
; Timing-Driven Synthesis                                        ; Off                ; Off                ;
; Show Parameter Settings Tables in Synthesis Report             ; On                 ; On                 ;
; Ignore Maximum Fan-Out Assignments                             ; Off                ; Off                ;
; Synchronization Register Chain Length                          ; 2                  ; 2                  ;
; PowerPlay Power Optimization                                   ; Normal compilation ; Normal compilation ;
; HDL message level                                              ; Level2             ; Level2             ;
; Suppress Register Optimization Related Messages                ; Off                ; Off                ;
; Number of Removed Registers Reported in Synthesis Report       ; 100                ; 100                ;
; Number of Inverted Registers Reported in Synthesis Report      ; 100                ; 100                ;
; Clock MUX Protection                                           ; On                 ; On                 ;
; Auto Gated Clock Conversion                                    ; Off                ; Off                ;
; Block Design Naming                                            ; Auto               ; Auto               ;
; SDC constraint protection                                      ; Off                ; Off                ;
; Synthesis Effort                                               ; Auto               ; Auto               ;
; Allows Asynchronous Clear Usage For Shift Register Replacement ; On                 ; On                 ;
; Analysis & Synthesis Message Level                             ; Medium             ; Medium             ;
+----------------------------------------------------------------+--------------------+--------------------+


+----------------------------------------------------------------------------------------------------------------------------------------------------+
; Analysis & Synthesis Source Files Read                                                                                                             ;
+----------------------------------+-----------------+------------------------------------+----------------------------------------------------------+
; File Name with User-Entered Path ; Used in Netlist ; File Type                          ; File Name with Absolute Path                             ;
+----------------------------------+-----------------+------------------------------------+----------------------------------------------------------+
; maximum.v                        ; yes             ; User Verilog HDL File              ; C:/Users/Home/Documents/digital_project/maximum.v        ;
; minimum.v                        ; yes             ; User Verilog HDL File              ; C:/Users/Home/Documents/digital_project/minimum.v        ;
; mux4.v                           ; yes             ; User Verilog HDL File              ; C:/Users/Home/Documents/digital_project/mux4.v           ;
; four_as.bdf                      ; yes             ; User Block Diagram/Schematic File  ; C:/Users/Home/Documents/digital_project/four_as.bdf      ;
; bcdas_schema.bdf                 ; yes             ; User Block Diagram/Schematic File  ; C:/Users/Home/Documents/digital_project/bcdas_schema.bdf ;
; w_system.bdf                     ; yes             ; User Block Diagram/Schematic File  ; C:/Users/Home/Documents/digital_project/w_system.bdf     ;
; fas.bdf                          ; yes             ; User Block Diagram/Schematic File  ; C:/Users/Home/Documents/digital_project/fas.bdf          ;
+----------------------------------+-----------------+------------------------------------+----------------------------------------------------------+


+-----------------------------------------------------+
; Analysis & Synthesis Resource Usage Summary         ;
+---------------------------------------------+-------+
; Resource                                    ; Usage ;
+---------------------------------------------+-------+
; Estimated Total logic elements              ; 37    ;
;                                             ;       ;
; Total combinational functions               ; 37    ;
; Logic element usage by number of LUT inputs ;       ;
;     -- 4 input functions                    ; 29    ;
;     -- 3 input functions                    ; 5     ;
;     -- <=2 input functions                  ; 3     ;
;                                             ;       ;
; Logic elements by mode                      ;       ;
;     -- normal mode                          ; 37    ;
;     -- arithmetic mode                      ; 0     ;
;                                             ;       ;
; Total registers                             ; 0     ;
;     -- Dedicated logic registers            ; 0     ;
;     -- I/O registers                        ; 0     ;
;                                             ;       ;
; I/O pins                                    ; 18    ;
; Maximum fan-out node                        ; cin   ;
; Maximum fan-out                             ; 12    ;
; Total fan-out                               ; 144   ;
; Average fan-out                             ; 2.62  ;
+---------------------------------------------+-------+


+-------------------------------------------------------------------------------------------------------------------------------------------------------------------------------------------------------------+
; Analysis & Synthesis Resource Utilization by Entity                                                                                                                                                         ;
+----------------------------+-------------------+--------------+-------------+--------------+---------+-----------+------+--------------+-----------------------------------------------------+--------------+
; Compilation Hierarchy Node ; LC Combinationals ; LC Registers ; Memory Bits ; DSP Elements ; DSP 9x9 ; DSP 18x18 ; Pins ; Virtual Pins ; Full Hierarchy Name                                 ; Library Name ;
+----------------------------+-------------------+--------------+-------------+--------------+---------+-----------+------+--------------+-----------------------------------------------------+--------------+
; |w_system                  ; 37 (0)            ; 0 (0)        ; 0           ; 0            ; 0       ; 0         ; 18   ; 0            ; |w_system                                           ; work         ;
;    |bcdas_schema:inst|     ; 15 (0)            ; 0 (0)        ; 0           ; 0            ; 0       ; 0         ; 0    ; 0            ; |w_system|bcdas_schema:inst                         ; work         ;
;       |four_as:inst2|      ; 7 (0)             ; 0 (0)        ; 0           ; 0            ; 0       ; 0         ; 0    ; 0            ; |w_system|bcdas_schema:inst|four_as:inst2           ; work         ;
;          |fas:inst1|       ; 2 (2)             ; 0 (0)        ; 0           ; 0            ; 0       ; 0         ; 0    ; 0            ; |w_system|bcdas_schema:inst|four_as:inst2|fas:inst1 ; work         ;
;          |fas:inst2|       ; 2 (2)             ; 0 (0)        ; 0           ; 0            ; 0       ; 0         ; 0    ; 0            ; |w_system|bcdas_schema:inst|four_as:inst2|fas:inst2 ; work         ;
;          |fas:inst3|       ; 1 (1)             ; 0 (0)        ; 0           ; 0            ; 0       ; 0         ; 0    ; 0            ; |w_system|bcdas_schema:inst|four_as:inst2|fas:inst3 ; work         ;
;          |fas:inst|        ; 2 (2)             ; 0 (0)        ; 0           ; 0            ; 0       ; 0         ; 0    ; 0            ; |w_system|bcdas_schema:inst|four_as:inst2|fas:inst  ; work         ;
;       |four_as:inst7|      ; 4 (0)             ; 0 (0)        ; 0           ; 0            ; 0       ; 0         ; 0    ; 0            ; |w_system|bcdas_schema:inst|four_as:inst7           ; work         ;
;          |fas:inst1|       ; 1 (1)             ; 0 (0)        ; 0           ; 0            ; 0       ; 0         ; 0    ; 0            ; |w_system|bcdas_schema:inst|four_as:inst7|fas:inst1 ; work         ;
;          |fas:inst2|       ; 1 (1)             ; 0 (0)        ; 0           ; 0            ; 0       ; 0         ; 0    ; 0            ; |w_system|bcdas_schema:inst|four_as:inst7|fas:inst2 ; work         ;
;          |fas:inst|        ; 2 (2)             ; 0 (0)        ; 0           ; 0            ; 0       ; 0         ; 0    ; 0            ; |w_system|bcdas_schema:inst|four_as:inst7|fas:inst  ; work         ;
;       |four_as:inst|       ; 4 (0)             ; 0 (0)        ; 0           ; 0            ; 0       ; 0         ; 0    ; 0            ; |w_system|bcdas_schema:inst|four_as:inst            ; work         ;
;          |fas:inst1|       ; 2 (2)             ; 0 (0)        ; 0           ; 0            ; 0       ; 0         ; 0    ; 0            ; |w_system|bcdas_schema:inst|four_as:inst|fas:inst1  ; work         ;
;          |fas:inst2|       ; 1 (1)             ; 0 (0)        ; 0           ; 0            ; 0       ; 0         ; 0    ; 0            ; |w_system|bcdas_schema:inst|four_as:inst|fas:inst2  ; work         ;
;          |fas:inst3|       ; 1 (1)             ; 0 (0)        ; 0           ; 0            ; 0       ; 0         ; 0    ; 0            ; |w_system|bcdas_schema:inst|four_as:inst|fas:inst3  ; work         ;
;    |four_as:inst11|        ; 8 (1)             ; 0 (0)        ; 0           ; 0            ; 0       ; 0         ; 0    ; 0            ; |w_system|four_as:inst11                            ; work         ;
;       |fas:inst1|          ; 2 (2)             ; 0 (0)        ; 0           ; 0            ; 0       ; 0         ; 0    ; 0            ; |w_system|four_as:inst11|fas:inst1                  ; work         ;
;       |fas:inst2|          ; 2 (2)             ; 0 (0)        ; 0           ; 0            ; 0       ; 0         ; 0    ; 0            ; |w_system|four_as:inst11|fas:inst2                  ; work         ;
;       |fas:inst3|          ; 1 (1)             ; 0 (0)        ; 0           ; 0            ; 0       ; 0         ; 0    ; 0            ; |w_system|four_as:inst11|fas:inst3                  ; work         ;
;       |fas:inst|           ; 2 (2)             ; 0 (0)        ; 0           ; 0            ; 0       ; 0         ; 0    ; 0            ; |w_system|four_as:inst11|fas:inst                   ; work         ;
;    |mux4:inst9|            ; 14 (14)           ; 0 (0)        ; 0           ; 0            ; 0       ; 0         ; 0    ; 0            ; |w_system|mux4:inst9                                ; work         ;
+----------------------------+-------------------+--------------+-------------+--------------+---------+-----------+------+--------------+-----------------------------------------------------+--------------+
Note: For table entries with two numbers listed, the numbers in parentheses indicate the number of resources of the given type used by the specific entity alone. The numbers listed outside of parentheses indicate the total resources of the given type used by the specific entity and all of its sub-entities in the hierarchy.


+------------------------------------------------------+
; General Register Statistics                          ;
+----------------------------------------------+-------+
; Statistic                                    ; Value ;
+----------------------------------------------+-------+
; Total registers                              ; 0     ;
; Number of registers using Synchronous Clear  ; 0     ;
; Number of registers using Synchronous Load   ; 0     ;
; Number of registers using Asynchronous Clear ; 0     ;
; Number of registers using Asynchronous Load  ; 0     ;
; Number of registers using Clock Enable       ; 0     ;
; Number of registers using Preset             ; 0     ;
+----------------------------------------------+-------+


+--------------------------------------------------------------------------------------------------------------------------------------------+
; Multiplexer Restructuring Statistics (Restructuring Performed)                                                                             ;
+--------------------+-----------+---------------+----------------------+------------------------+------------+------------------------------+
; Multiplexer Inputs ; Bus Width ; Baseline Area ; Area if Restructured ; Saving if Restructured ; Registered ; Example Multiplexer Output   ;
+--------------------+-----------+---------------+----------------------+------------------------+------------+------------------------------+
; 6:1                ; 4 bits    ; 16 LEs        ; 8 LEs                ; 8 LEs                  ; No         ; |w_system|mux4:inst9|outp[3] ;
+--------------------+-----------+---------------+----------------------+------------------------+------------+------------------------------+


+-------------------------------+
; Analysis & Synthesis Messages ;
+-------------------------------+
Info: *******************************************************************
Info: Running Quartus II Analysis & Synthesis
    Info: Version 9.0 Build 132 02/25/2009 SJ Web Edition
    Info: Processing started: Fri Jul 03 19:12:49 2020
Info: Command: quartus_map --read_settings_files=on --write_settings_files=off digital_project -c digital_project
Info: Found 1 design units, including 1 entities, in source file FA.v
    Info: Found entity 1: FA
Info: Found 1 design units, including 1 entities, in source file fbAS.v
    Info: Found entity 1: fbAS
Info: Found 1 design units, including 1 entities, in source file BCDAS.v
    Info: Found entity 1: BCDAS
Info: Found 1 design units, including 1 entities, in source file maximum.v
    Info: Found entity 1: maximum
Info: Found 1 design units, including 1 entities, in source file minimum.v
    Info: Found entity 1: minimum
Info: Found 1 design units, including 1 entities, in source file mux4.v
    Info: Found entity 1: mux4
Info: Found 1 design units, including 1 entities, in source file four_as.bdf
    Info: Found entity 1: four_as
Info: Found 1 design units, including 1 entities, in source file bcdas_schema.bdf
    Info: Found entity 1: bcdas_schema
Info: Found 1 design units, including 1 entities, in source file w_system.bdf
    Info: Found entity 1: w_system
Info: Found 1 design units, including 1 entities, in source file fas.bdf
    Info: Found entity 1: fas
Critical Warning (10846): Verilog HDL Instantiation warning at BCDAS.v(14): instance has no name
Critical Warning (10846): Verilog HDL Instantiation warning at BCDAS.v(15): instance has no name
Info: Elaborating entity "w_system" for the top level hierarchy
Info: Elaborating entity "four_as" for hierarchy "four_as:inst11"
Info: Elaborating entity "fas" for hierarchy "four_as:inst11|fas:inst"
Info: Elaborating entity "bcdas_schema" for hierarchy "bcdas_schema:inst"
Info: Elaborating entity "mux4" for hierarchy "mux4:inst9"
Warning (10235): Verilog HDL Always Construct warning at mux4.v(11): variable "d1" is read inside the Always Construct but isn't in the Always Construct's Event Control
Warning (10235): Verilog HDL Always Construct warning at mux4.v(13): variable "d2" is read inside the Always Construct but isn't in the Always Construct's Event Control
Warning (10235): Verilog HDL Always Construct warning at mux4.v(18): variable "d3" is read inside the Always Construct but isn't in the Always Construct's Event Control
Warning (10235): Verilog HDL Always Construct warning at mux4.v(20): variable "d4" is read inside the Always Construct but isn't in the Always Construct's Event Control
Info: Elaborating entity "maximum" for hierarchy "maximum:inst7"
Info: Elaborating entity "minimum" for hierarchy "minimum:inst8"
Info: Implemented 55 device resources after synthesis - the final resource count might be different
    Info: Implemented 11 input pins
    Info: Implemented 7 output pins
    Info: Implemented 37 logic cells
Info: Quartus II Analysis & Synthesis was successful. 0 errors, 6 warnings
    Info: Peak virtual memory: 232 megabytes
    Info: Processing ended: Fri Jul 03 19:12:52 2020
    Info: Elapsed time: 00:00:03
    Info: Total CPU time (on all processors): 00:00:02


